{"/Users/bsharma/Personal/route-builder/src/components/Button/Button.tsx": {"path":"/Users/bsharma/Personal/route-builder/src/components/Button/Button.tsx","statementMap":{"0":{"start":{"line":1,"column":0},"end":{"line":1,"column":23}},"1":{"start":{"line":10,"column":2},"end":{"line":14,"column":4}},"2":{"start":{"line":9,"column":0},"end":{"line":9,"column":24}}},"fnMap":{"0":{"name":"Button","decl":{"start":{"line":9,"column":24},"end":{"line":9,"column":30}},"loc":{"start":{"line":9,"column":76},"end":{"line":15,"column":1}}}},"branchMap":{},"s":{"0":2,"1":13,"2":2},"f":{"0":13},"b":{}}
,"/Users/bsharma/Personal/route-builder/src/components/Map/Map.tsx": {"path":"/Users/bsharma/Personal/route-builder/src/components/Map/Map.tsx","statementMap":{"0":{"start":{"line":1,"column":0},"end":{"line":1,"column":55}},"1":{"start":{"line":2,"column":0},"end":{"line":2,"column":20}},"2":{"start":{"line":10,"column":29},"end":{"line":16,"column":3}},"3":{"start":{"line":11,"column":20},"end":{"line":11,"column":78}},"4":{"start":{"line":12,"column":14},"end":{"line":12,"column":37}},"5":{"start":{"line":13,"column":14},"end":{"line":13,"column":36}},"6":{"start":{"line":15,"column":4},"end":{"line":15,"column":49}},"7":{"start":{"line":18,"column":22},"end":{"line":20,"column":3}},"8":{"start":{"line":19,"column":4},"end":{"line":19,"column":24}},"9":{"start":{"line":22,"column":2},"end":{"line":53,"column":4}},"10":{"start":{"line":29,"column":14},"end":{"line":37,"column":null}},"11":{"start":{"line":42,"column":10},"end":{"line":43,"column":null}},"12":{"start":{"line":9,"column":0},"end":{"line":9,"column":24}}},"fnMap":{"0":{"name":"Map","decl":{"start":{"line":9,"column":24},"end":{"line":9,"column":27}},"loc":{"start":{"line":9,"column":59},"end":{"line":54,"column":1}}},"1":{"name":"(anonymous_1)","decl":{"start":{"line":10,"column":29},"end":{"line":10,"column":30}},"loc":{"start":{"line":10,"column":69},"end":{"line":16,"column":3}}},"2":{"name":"(anonymous_2)","decl":{"start":{"line":18,"column":22},"end":{"line":18,"column":23}},"loc":{"start":{"line":18,"column":62},"end":{"line":20,"column":3}}},"3":{"name":"(anonymous_3)","decl":{"start":{"line":28,"column":12},"end":{"line":28,"column":13}},"loc":{"start":{"line":29,"column":14},"end":{"line":37,"column":null}}},"4":{"name":"(anonymous_4)","decl":{"start":{"line":41,"column":20},"end":{"line":41,"column":21}},"loc":{"start":{"line":42,"column":10},"end":{"line":43,"column":null}}}},"branchMap":{"0":{"loc":{"start":{"line":29,"column":14},"end":{"line":37,"column":null}},"type":"binary-expr","locations":[{"start":{"line":29,"column":14},"end":{"line":29,"column":23}},{"start":{"line":30,"column":16},"end":{"line":32,"column":null}}]}},"s":{"0":1,"1":1,"2":2,"3":1,"4":1,"5":1,"6":1,"7":2,"8":1,"9":2,"10":4,"11":4,"12":1},"f":{"0":2,"1":1,"2":1,"3":4,"4":4},"b":{"0":[4,2]}}
,"/Users/bsharma/Personal/route-builder/src/components/SortableList/SortableList.tsx": {"path":"/Users/bsharma/Personal/route-builder/src/components/SortableList/SortableList.tsx","statementMap":{"0":{"start":{"line":1,"column":0},"end":{"line":1,"column":53}},"1":{"start":{"line":3,"column":0},"end":{"line":3,"column":29}},"2":{"start":{"line":4,"column":0},"end":{"line":4,"column":28}},"3":{"start":{"line":13,"column":50},"end":{"line":64,"column":1}},"4":{"start":{"line":19,"column":42},"end":{"line":19,"column":71}},"5":{"start":{"line":21,"column":26},"end":{"line":23,"column":8}},"6":{"start":{"line":22,"column":4},"end":{"line":22,"column":27}},"7":{"start":{"line":25,"column":26},"end":{"line":38,"column":null}},"8":{"start":{"line":27,"column":6},"end":{"line":27,"column":72}},"9":{"start":{"line":27,"column":65},"end":{"line":27,"column":72}},"10":{"start":{"line":29,"column":24},"end":{"line":29,"column":35}},"11":{"start":{"line":30,"column":30},"end":{"line":30,"column":63}},"12":{"start":{"line":31,"column":6},"end":{"line":31,"column":54}},"13":{"start":{"line":33,"column":6},"end":{"line":33,"column":27}},"14":{"start":{"line":34,"column":6},"end":{"line":34,"column":35}},"15":{"start":{"line":36,"column":6},"end":{"line":36,"column":29}},"16":{"start":{"line":41,"column":24},"end":{"line":43,"column":8}},"17":{"start":{"line":42,"column":4},"end":{"line":42,"column":26}},"18":{"start":{"line":45,"column":2},"end":{"line":63,"column":4}},"19":{"start":{"line":48,"column":8},"end":{"line":49,"column":null}},"20":{"start":{"line":51,"column":29},"end":{"line":51,"column":51}},"21":{"start":{"line":52,"column":30},"end":{"line":52,"column":55}},"22":{"start":{"line":66,"column":0},"end":{"line":66,"column":28}}},"fnMap":{"0":{"name":"(anonymous_1)","decl":{"start":{"line":13,"column":50},"end":{"line":13,"column":51}},"loc":{"start":{"line":18,"column":5},"end":{"line":64,"column":1}}},"1":{"name":"(anonymous_2)","decl":{"start":{"line":21,"column":38},"end":{"line":21,"column":39}},"loc":{"start":{"line":21,"column":56},"end":{"line":23,"column":3}}},"2":{"name":"(anonymous_3)","decl":{"start":{"line":26,"column":4},"end":{"line":26,"column":5}},"loc":{"start":{"line":26,"column":67},"end":{"line":37,"column":5}}},"3":{"name":"(anonymous_4)","decl":{"start":{"line":41,"column":36},"end":{"line":41,"column":39}},"loc":{"start":{"line":41,"column":41},"end":{"line":43,"column":3}}},"4":{"name":"(anonymous_5)","decl":{"start":{"line":47,"column":18},"end":{"line":47,"column":19}},"loc":{"start":{"line":48,"column":8},"end":{"line":49,"column":null}}},"5":{"name":"(anonymous_6)","decl":{"start":{"line":51,"column":23},"end":{"line":51,"column":26}},"loc":{"start":{"line":51,"column":29},"end":{"line":51,"column":51}}},"6":{"name":"(anonymous_7)","decl":{"start":{"line":52,"column":23},"end":{"line":52,"column":24}},"loc":{"start":{"line":52,"column":30},"end":{"line":52,"column":55}}}},"branchMap":{"0":{"loc":{"start":{"line":27,"column":6},"end":{"line":27,"column":72}},"type":"if","locations":[{"start":{"line":27,"column":6},"end":{"line":27,"column":72}}]},"1":{"loc":{"start":{"line":27,"column":10},"end":{"line":27,"column":63}},"type":"binary-expr","locations":[{"start":{"line":27,"column":10},"end":{"line":27,"column":31}},{"start":{"line":27,"column":35},"end":{"line":27,"column":63}}]},"2":{"loc":{"start":{"line":56,"column":22},"end":{"line":56,"column":69}},"type":"binary-expr","locations":[{"start":{"line":56,"column":22},"end":{"line":56,"column":43}},{"start":{"line":56,"column":47},"end":{"line":56,"column":69}}]}},"s":{"0":1,"1":1,"2":1,"3":1,"4":11,"5":11,"6":3,"7":11,"8":3,"9":1,"10":2,"11":2,"12":2,"13":2,"14":2,"15":2,"16":11,"17":2,"18":11,"19":33,"20":3,"21":3,"22":1},"f":{"0":11,"1":3,"2":3,"3":2,"4":33,"5":3,"6":3},"b":{"0":[1],"1":[3,2],"2":[33,15]}}
,"/Users/bsharma/Personal/route-builder/src/components/WaypointItem/WaypointItem.tsx": {"path":"/Users/bsharma/Personal/route-builder/src/components/WaypointItem/WaypointItem.tsx","statementMap":{"0":{"start":{"line":1,"column":0},"end":{"line":1,"column":53}},"1":{"start":{"line":3,"column":0},"end":{"line":3,"column":45}},"2":{"start":{"line":4,"column":0},"end":{"line":4,"column":38}},"3":{"start":{"line":5,"column":0},"end":{"line":5,"column":35}},"4":{"start":{"line":6,"column":0},"end":{"line":6,"column":29}},"5":{"start":{"line":15,"column":50},"end":{"line":75,"column":1}},"6":{"start":{"line":21,"column":36},"end":{"line":21,"column":51}},"7":{"start":{"line":22,"column":42},"end":{"line":22,"column":62}},"8":{"start":{"line":24,"column":28},"end":{"line":27,"column":18}},"9":{"start":{"line":25,"column":4},"end":{"line":25,"column":23}},"10":{"start":{"line":26,"column":4},"end":{"line":26,"column":32}},"11":{"start":{"line":29,"column":24},"end":{"line":35,"column":null}},"12":{"start":{"line":31,"column":6},"end":{"line":31,"column":70}},"13":{"start":{"line":33,"column":6},"end":{"line":33,"column":26}},"14":{"start":{"line":38,"column":24},"end":{"line":53,"column":null}},"15":{"start":{"line":40,"column":6},"end":{"line":51,"column":7}},"16":{"start":{"line":42,"column":10},"end":{"line":42,"column":53}},"17":{"start":{"line":43,"column":10},"end":{"line":43,"column":33}},"18":{"start":{"line":45,"column":10},"end":{"line":45,"column":30}},"19":{"start":{"line":46,"column":10},"end":{"line":46,"column":16}},"20":{"start":{"line":49,"column":10},"end":{"line":49,"column":33}},"21":{"start":{"line":50,"column":10},"end":{"line":50,"column":16}},"22":{"start":{"line":56,"column":2},"end":{"line":74,"column":4}},"23":{"start":{"line":70,"column":29},"end":{"line":70,"column":47}},"24":{"start":{"line":77,"column":0},"end":{"line":77,"column":28}}},"fnMap":{"0":{"name":"(anonymous_1)","decl":{"start":{"line":15,"column":50},"end":{"line":15,"column":51}},"loc":{"start":{"line":20,"column":5},"end":{"line":75,"column":1}}},"1":{"name":"(anonymous_2)","decl":{"start":{"line":24,"column":40},"end":{"line":24,"column":43}},"loc":{"start":{"line":24,"column":45},"end":{"line":27,"column":3}}},"2":{"name":"(anonymous_3)","decl":{"start":{"line":30,"column":4},"end":{"line":30,"column":5}},"loc":{"start":{"line":30,"column":45},"end":{"line":34,"column":5}}},"3":{"name":"(anonymous_4)","decl":{"start":{"line":39,"column":4},"end":{"line":39,"column":5}},"loc":{"start":{"line":39,"column":48},"end":{"line":52,"column":5}}},"4":{"name":"(anonymous_5)","decl":{"start":{"line":70,"column":23},"end":{"line":70,"column":26}},"loc":{"start":{"line":70,"column":29},"end":{"line":70,"column":47}}}},"branchMap":{"0":{"loc":{"start":{"line":31,"column":25},"end":{"line":31,"column":68}},"type":"binary-expr","locations":[{"start":{"line":31,"column":25},"end":{"line":31,"column":52}},{"start":{"line":31,"column":56},"end":{"line":31,"column":68}}]},"1":{"loc":{"start":{"line":40,"column":6},"end":{"line":51,"column":7}},"type":"switch","locations":[{"start":{"line":41,"column":8},"end":{"line":46,"column":16}},{"start":{"line":48,"column":8},"end":{"line":50,"column":16}}]},"2":{"loc":{"start":{"line":60,"column":27},"end":{"line":60,"column":53}},"type":"cond-expr","locations":[{"start":{"line":60,"column":39},"end":{"line":60,"column":48}},{"start":{"line":60,"column":51},"end":{"line":60,"column":53}}]}},"s":{"0":1,"1":1,"2":1,"3":1,"4":1,"5":1,"6":9,"7":9,"8":9,"9":3,"10":3,"11":9,"12":1,"13":1,"14":9,"15":1,"16":1,"17":1,"18":1,"19":1,"20":0,"21":0,"22":9,"23":1,"24":1},"f":{"0":9,"1":3,"2":1,"3":1,"4":1},"b":{"0":[1,0],"1":[1,0],"2":[3,6]}}
,"/Users/bsharma/Personal/route-builder/src/components/Waypoints/Waypoints.tsx": {"path":"/Users/bsharma/Personal/route-builder/src/components/Waypoints/Waypoints.tsx","statementMap":{"0":{"start":{"line":1,"column":0},"end":{"line":1,"column":36}},"1":{"start":{"line":3,"column":0},"end":{"line":3,"column":49}},"2":{"start":{"line":4,"column":0},"end":{"line":4,"column":38}},"3":{"start":{"line":5,"column":0},"end":{"line":5,"column":56}},"4":{"start":{"line":6,"column":0},"end":{"line":6,"column":26}},"5":{"start":{"line":7,"column":0},"end":{"line":7,"column":56}},"6":{"start":{"line":16,"column":22},"end":{"line":22,"column":null}},"7":{"start":{"line":18,"column":28},"end":{"line":18,"column":39}},"8":{"start":{"line":19,"column":6},"end":{"line":19,"column":72}},"9":{"start":{"line":20,"column":6},"end":{"line":20,"column":31}},"10":{"start":{"line":25,"column":22},"end":{"line":29,"column":null}},"11":{"start":{"line":27,"column":6},"end":{"line":27,"column":62}},"12":{"start":{"line":27,"column":46},"end":{"line":27,"column":59}},"13":{"start":{"line":32,"column":2},"end":{"line":63,"column":4}},"14":{"start":{"line":42,"column":12},"end":{"line":50,"column":14}},"15":{"start":{"line":59,"column":57},"end":{"line":59,"column":80}},"16":{"start":{"line":15,"column":0},"end":{"line":15,"column":24}}},"fnMap":{"0":{"name":"Waypoints","decl":{"start":{"line":15,"column":24},"end":{"line":15,"column":33}},"loc":{"start":{"line":15,"column":84},"end":{"line":64,"column":1}}},"1":{"name":"(anonymous_2)","decl":{"start":{"line":17,"column":4},"end":{"line":17,"column":5}},"loc":{"start":{"line":17,"column":39},"end":{"line":21,"column":5}}},"2":{"name":"(anonymous_3)","decl":{"start":{"line":26,"column":4},"end":{"line":26,"column":5}},"loc":{"start":{"line":26,"column":22},"end":{"line":28,"column":5}}},"3":{"name":"(anonymous_4)","decl":{"start":{"line":27,"column":30},"end":{"line":27,"column":31}},"loc":{"start":{"line":27,"column":46},"end":{"line":27,"column":59}}},"4":{"name":"(anonymous_5)","decl":{"start":{"line":41,"column":22},"end":{"line":41,"column":23}},"loc":{"start":{"line":41,"column":39},"end":{"line":51,"column":11}}},"5":{"name":"(anonymous_6)","decl":{"start":{"line":59,"column":51},"end":{"line":59,"column":54}},"loc":{"start":{"line":59,"column":57},"end":{"line":59,"column":80}}}},"branchMap":{},"s":{"0":1,"1":1,"2":1,"3":1,"4":1,"5":1,"6":4,"7":0,"8":0,"9":0,"10":4,"11":0,"12":0,"13":4,"14":0,"15":1,"16":1},"f":{"0":4,"1":0,"2":0,"3":0,"4":0,"5":1},"b":{}}
,"/Users/bsharma/Personal/route-builder/src/components/icons/DragHandle.tsx": {"path":"/Users/bsharma/Personal/route-builder/src/components/icons/DragHandle.tsx","statementMap":{"0":{"start":{"line":4,"column":22},"end":{"line":4,"column":68}},"1":{"start":{"line":5,"column":23},"end":{"line":5,"column":68}},"2":{"start":{"line":7,"column":2},"end":{"line":20,"column":4}},"3":{"start":{"line":3,"column":0},"end":{"line":3,"column":24}}},"fnMap":{"0":{"name":"DragHandle","decl":{"start":{"line":3,"column":24},"end":{"line":3,"column":34}},"loc":{"start":{"line":3,"column":79},"end":{"line":21,"column":1}}}},"branchMap":{"0":{"loc":{"start":{"line":4,"column":22},"end":{"line":4,"column":68}},"type":"binary-expr","locations":[{"start":{"line":4,"column":22},"end":{"line":4,"column":27}},{"start":{"line":4,"column":32},"end":{"line":4,"column":67}}]},"1":{"loc":{"start":{"line":4,"column":32},"end":{"line":4,"column":67}},"type":"cond-expr","locations":[{"start":{"line":4,"column":41},"end":{"line":4,"column":61}},{"start":{"line":4,"column":64},"end":{"line":4,"column":67}}]},"2":{"loc":{"start":{"line":5,"column":23},"end":{"line":5,"column":68}},"type":"binary-expr","locations":[{"start":{"line":5,"column":23},"end":{"line":5,"column":29}},{"start":{"line":5,"column":34},"end":{"line":5,"column":67}}]},"3":{"loc":{"start":{"line":5,"column":34},"end":{"line":5,"column":67}},"type":"cond-expr","locations":[{"start":{"line":5,"column":42},"end":{"line":5,"column":61}},{"start":{"line":5,"column":64},"end":{"line":5,"column":67}}]}},"s":{"0":9,"1":9,"2":9,"3":1},"f":{"0":9},"b":{"0":[9,0],"1":[0,0],"2":[9,9],"3":[9,0]}}
,"/Users/bsharma/Personal/route-builder/src/components/icons/Trash.tsx": {"path":"/Users/bsharma/Personal/route-builder/src/components/icons/Trash.tsx","statementMap":{"0":{"start":{"line":8,"column":22},"end":{"line":8,"column":68}},"1":{"start":{"line":9,"column":23},"end":{"line":9,"column":68}},"2":{"start":{"line":10,"column":37},"end":{"line":10,"column":82}},"3":{"start":{"line":12,"column":2},"end":{"line":27,"column":4}},"4":{"start":{"line":7,"column":0},"end":{"line":7,"column":24}}},"fnMap":{"0":{"name":"Trash","decl":{"start":{"line":7,"column":24},"end":{"line":7,"column":29}},"loc":{"start":{"line":7,"column":85},"end":{"line":28,"column":1}}}},"branchMap":{"0":{"loc":{"start":{"line":8,"column":22},"end":{"line":8,"column":68}},"type":"binary-expr","locations":[{"start":{"line":8,"column":22},"end":{"line":8,"column":27}},{"start":{"line":8,"column":32},"end":{"line":8,"column":67}}]},"1":{"loc":{"start":{"line":8,"column":32},"end":{"line":8,"column":67}},"type":"cond-expr","locations":[{"start":{"line":8,"column":41},"end":{"line":8,"column":61}},{"start":{"line":8,"column":64},"end":{"line":8,"column":67}}]},"2":{"loc":{"start":{"line":9,"column":23},"end":{"line":9,"column":68}},"type":"binary-expr","locations":[{"start":{"line":9,"column":23},"end":{"line":9,"column":29}},{"start":{"line":9,"column":34},"end":{"line":9,"column":67}}]},"3":{"loc":{"start":{"line":9,"column":34},"end":{"line":9,"column":67}},"type":"cond-expr","locations":[{"start":{"line":9,"column":42},"end":{"line":9,"column":61}},{"start":{"line":9,"column":64},"end":{"line":9,"column":67}}]},"4":{"loc":{"start":{"line":10,"column":43},"end":{"line":10,"column":79}},"type":"cond-expr","locations":[{"start":{"line":10,"column":53},"end":{"line":10,"column":74}},{"start":{"line":10,"column":77},"end":{"line":10,"column":79}}]}},"s":{"0":9,"1":9,"2":9,"3":9,"4":1},"f":{"0":9},"b":{"0":[9,0],"1":[0,0],"2":[9,9],"3":[9,0],"4":[0,9]}}
,"/Users/bsharma/Personal/route-builder/src/util/gpx.ts": {"path":"/Users/bsharma/Personal/route-builder/src/util/gpx.ts","statementMap":{"0":{"start":{"line":3,"column":26},"end":{"line":3,"column":37}},"1":{"start":{"line":10,"column":2},"end":{"line":35,"column":12}},"2":{"start":{"line":18,"column":23},"end":{"line":21,"column":null}},"3":{"start":{"line":28,"column":27},"end":{"line":31,"column":null}},"4":{"start":{"line":5,"column":0},"end":{"line":5,"column":16}},"5":{"start":{"line":39,"column":21},"end":{"line":39,"column":41}},"6":{"start":{"line":40,"column":15},"end":{"line":40,"column":70}},"7":{"start":{"line":42,"column":14},"end":{"line":42,"column":39}},"8":{"start":{"line":44,"column":12},"end":{"line":44,"column":39}},"9":{"start":{"line":45,"column":2},"end":{"line":45,"column":15}},"10":{"start":{"line":46,"column":2},"end":{"line":46,"column":33}},"11":{"start":{"line":48,"column":2},"end":{"line":48,"column":31}},"12":{"start":{"line":49,"column":2},"end":{"line":49,"column":12}},"13":{"start":{"line":51,"column":2},"end":{"line":51,"column":31}},"14":{"start":{"line":52,"column":2},"end":{"line":52,"column":27}},"15":{"start":{"line":38,"column":0},"end":{"line":38,"column":16}}},"fnMap":{"0":{"name":"buildGPXFile","decl":{"start":{"line":5,"column":16},"end":{"line":5,"column":28}},"loc":{"start":{"line":8,"column":50},"end":{"line":36,"column":1}}},"1":{"name":"(anonymous_1)","decl":{"start":{"line":18,"column":12},"end":{"line":18,"column":13}},"loc":{"start":{"line":18,"column":23},"end":{"line":21,"column":null}}},"2":{"name":"(anonymous_2)","decl":{"start":{"line":28,"column":16},"end":{"line":28,"column":17}},"loc":{"start":{"line":28,"column":27},"end":{"line":31,"column":null}}},"3":{"name":"downloadGPXFile","decl":{"start":{"line":38,"column":16},"end":{"line":38,"column":31}},"loc":{"start":{"line":38,"column":50},"end":{"line":53,"column":1}}}},"branchMap":{"0":{"loc":{"start":{"line":7,"column":2},"end":{"line":7,"column":26}},"type":"default-arg","locations":[{"start":{"line":7,"column":14},"end":{"line":7,"column":26}}]},"1":{"loc":{"start":{"line":8,"column":2},"end":{"line":8,"column":50}},"type":"default-arg","locations":[{"start":{"line":8,"column":21},"end":{"line":8,"column":50}}]}},"s":{"0":1,"1":3,"2":6,"3":6,"4":1,"5":1,"6":1,"7":1,"8":1,"9":1,"10":1,"11":1,"12":1,"13":1,"14":1,"15":1},"f":{"0":3,"1":6,"2":6,"3":1},"b":{"0":[2],"1":[2]}}
,"/Users/bsharma/Personal/route-builder/src/util/localstorage.ts": {"path":"/Users/bsharma/Personal/route-builder/src/util/localstorage.ts","statementMap":{"0":{"start":{"line":1,"column":36},"end":{"line":11,"column":1}},"1":{"start":{"line":2,"column":16},"end":{"line":2,"column":41}},"2":{"start":{"line":4,"column":2},"end":{"line":4,"column":21}},"3":{"start":{"line":4,"column":14},"end":{"line":4,"column":21}},"4":{"start":{"line":6,"column":2},"end":{"line":10,"column":3}},"5":{"start":{"line":7,"column":4},"end":{"line":7,"column":29}},"6":{"start":{"line":9,"column":4},"end":{"line":9,"column":17}},"7":{"start":{"line":1,"column":13},"end":{"line":1,"column":36}},"8":{"start":{"line":13,"column":35},"end":{"line":15,"column":1}},"9":{"start":{"line":14,"column":2},"end":{"line":14,"column":49}},"10":{"start":{"line":13,"column":13},"end":{"line":13,"column":35}},"11":{"start":{"line":17,"column":38},"end":{"line":19,"column":1}},"12":{"start":{"line":18,"column":2},"end":{"line":18,"column":31}},"13":{"start":{"line":17,"column":13},"end":{"line":17,"column":38}}},"fnMap":{"0":{"name":"(anonymous_0)","decl":{"start":{"line":1,"column":36},"end":{"line":1,"column":37}},"loc":{"start":{"line":1,"column":52},"end":{"line":11,"column":1}}},"1":{"name":"(anonymous_1)","decl":{"start":{"line":13,"column":35},"end":{"line":13,"column":36}},"loc":{"start":{"line":13,"column":65},"end":{"line":15,"column":1}}},"2":{"name":"(anonymous_2)","decl":{"start":{"line":17,"column":38},"end":{"line":17,"column":39}},"loc":{"start":{"line":17,"column":54},"end":{"line":19,"column":1}}}},"branchMap":{"0":{"loc":{"start":{"line":4,"column":2},"end":{"line":4,"column":21}},"type":"if","locations":[{"start":{"line":4,"column":2},"end":{"line":4,"column":21}}]}},"s":{"0":1,"1":3,"2":3,"3":1,"4":2,"5":2,"6":1,"7":1,"8":1,"9":3,"10":1,"11":1,"12":3,"13":1},"f":{"0":3,"1":3,"2":3},"b":{"0":[1]}}
}
