TN:
SF:src/components/Button/Button.tsx
FN:9,Button
FNF:1
FNH:1
FNDA:13,Button
DA:1,2
DA:9,2
DA:10,13
LF:3
LH:3
BRF:0
BRH:0
end_of_record
TN:
SF:src/components/Map/Map.tsx
FN:9,Map
FN:10,(anonymous_1)
FN:18,(anonymous_2)
FN:28,(anonymous_3)
FN:41,(anonymous_4)
FNF:5
FNH:5
FNDA:2,Map
FNDA:1,(anonymous_1)
FNDA:1,(anonymous_2)
FNDA:4,(anonymous_3)
FNDA:4,(anonymous_4)
DA:1,1
DA:2,1
DA:9,1
DA:10,2
DA:11,1
DA:12,1
DA:13,1
DA:15,1
DA:18,2
DA:19,1
DA:22,2
DA:29,4
DA:42,4
LF:13
LH:13
BRDA:29,0,0,4
BRDA:29,0,1,2
BRF:2
BRH:2
end_of_record
TN:
SF:src/components/SortableList/SortableList.tsx
FN:13,(anonymous_1)
FN:21,(anonymous_2)
FN:26,(anonymous_3)
FN:41,(anonymous_4)
FN:47,(anonymous_5)
FN:51,(anonymous_6)
FN:52,(anonymous_7)
FNF:7
FNH:7
FNDA:11,(anonymous_1)
FNDA:3,(anonymous_2)
FNDA:3,(anonymous_3)
FNDA:2,(anonymous_4)
FNDA:33,(anonymous_5)
FNDA:3,(anonymous_6)
FNDA:3,(anonymous_7)
DA:1,1
DA:3,1
DA:4,1
DA:13,1
DA:19,11
DA:21,11
DA:22,3
DA:25,11
DA:27,3
DA:29,2
DA:30,2
DA:31,2
DA:33,2
DA:34,2
DA:36,2
DA:41,11
DA:42,2
DA:45,11
DA:48,33
DA:51,3
DA:52,3
DA:66,1
LF:22
LH:22
BRDA:27,0,0,1
BRDA:27,1,0,3
BRDA:27,1,1,2
BRDA:56,2,0,33
BRDA:56,2,1,15
BRF:5
BRH:5
end_of_record
TN:
SF:src/components/WaypointItem/WaypointItem.tsx
FN:15,(anonymous_1)
FN:24,(anonymous_2)
FN:30,(anonymous_3)
FN:39,(anonymous_4)
FN:70,(anonymous_5)
FNF:5
FNH:5
FNDA:9,(anonymous_1)
FNDA:3,(anonymous_2)
FNDA:1,(anonymous_3)
FNDA:1,(anonymous_4)
FNDA:1,(anonymous_5)
DA:1,1
DA:3,1
DA:4,1
DA:5,1
DA:6,1
DA:15,1
DA:21,9
DA:22,9
DA:24,9
DA:25,3
DA:26,3
DA:29,9
DA:31,1
DA:33,1
DA:38,9
DA:40,1
DA:42,1
DA:43,1
DA:45,1
DA:46,1
DA:49,0
DA:50,0
DA:56,9
DA:70,1
DA:77,1
LF:25
LH:23
BRDA:31,0,0,1
BRDA:31,0,1,0
BRDA:40,1,0,1
BRDA:40,1,1,0
BRDA:60,2,0,3
BRDA:60,2,1,6
BRF:6
BRH:4
end_of_record
TN:
SF:src/components/Waypoints/Waypoints.tsx
FN:15,Waypoints
FN:17,(anonymous_2)
FN:26,(anonymous_3)
FN:27,(anonymous_4)
FN:41,(anonymous_5)
FN:59,(anonymous_6)
FNF:6
FNH:2
FNDA:4,Waypoints
FNDA:0,(anonymous_2)
FNDA:0,(anonymous_3)
FNDA:0,(anonymous_4)
FNDA:0,(anonymous_5)
FNDA:1,(anonymous_6)
DA:1,1
DA:3,1
DA:4,1
DA:5,1
DA:6,1
DA:7,1
DA:15,1
DA:16,4
DA:18,0
DA:19,0
DA:20,0
DA:25,4
DA:27,0
DA:32,4
DA:42,0
DA:59,1
LF:16
LH:11
BRF:0
BRH:0
end_of_record
TN:
SF:src/components/icons/DragHandle.tsx
FN:3,DragHandle
FNF:1
FNH:1
FNDA:9,DragHandle
DA:3,1
DA:4,9
DA:5,9
DA:7,9
LF:4
LH:4
BRDA:4,0,0,9
BRDA:4,0,1,0
BRDA:4,1,0,0
BRDA:4,1,1,0
BRDA:5,2,0,9
BRDA:5,2,1,9
BRDA:5,3,0,9
BRDA:5,3,1,0
BRF:8
BRH:4
end_of_record
TN:
SF:src/components/icons/Trash.tsx
FN:7,Trash
FNF:1
FNH:1
FNDA:9,Trash
DA:7,1
DA:8,9
DA:9,9
DA:10,9
DA:12,9
LF:5
LH:5
BRDA:8,0,0,9
BRDA:8,0,1,0
BRDA:8,1,0,0
BRDA:8,1,1,0
BRDA:9,2,0,9
BRDA:9,2,1,9
BRDA:9,3,0,9
BRDA:9,3,1,0
BRDA:10,4,0,0
BRDA:10,4,1,9
BRF:10
BRH:5
end_of_record
TN:
SF:src/util/gpx.ts
FN:5,buildGPXFile
FN:18,(anonymous_1)
FN:28,(anonymous_2)
FN:38,downloadGPXFile
FNF:4
FNH:4
FNDA:3,buildGPXFile
FNDA:6,(anonymous_1)
FNDA:6,(anonymous_2)
FNDA:1,downloadGPXFile
DA:3,1
DA:5,1
DA:10,3
DA:18,6
DA:28,6
DA:38,1
DA:39,1
DA:40,1
DA:42,1
DA:44,1
DA:45,1
DA:46,1
DA:48,1
DA:49,1
DA:51,1
DA:52,1
LF:16
LH:16
BRDA:7,0,0,2
BRDA:8,1,0,2
BRF:2
BRH:2
end_of_record
TN:
SF:src/util/localstorage.ts
FN:1,(anonymous_0)
FN:13,(anonymous_1)
FN:17,(anonymous_2)
FNF:3
FNH:3
FNDA:3,(anonymous_0)
FNDA:3,(anonymous_1)
FNDA:3,(anonymous_2)
DA:1,1
DA:2,3
DA:4,3
DA:6,2
DA:7,2
DA:9,1
DA:13,1
DA:14,3
DA:17,1
DA:18,3
LF:10
LH:10
BRDA:4,0,0,1
BRF:1
BRH:1
end_of_record
